2023-11-12 20:48:30.241 INFO [src/main.rs:13] Starting up
2023-11-12 20:48:30.241 WARN [src/main.rs:14] Just a warning
2023-11-12 20:48:30.242 INFO [src/main.rs:15] Doing stuff
2023-11-12 20:48:30.243 ERROR [src/main.rs:16] Oups, an error
2023-11-12 20:48:30.244 INFO [src/main.rs:17] Done
2023-11-12 20:48:30.245 DEBUG [src/lib.rs:10] Debug info here
2023-11-12 20:48:30.246 TRACE [src/lib.rs:11] Trace message
2023-11-12 20:48:30.247 INFO [src/main.rs:18] More work
2023-11-12 20:48:30.248 WARN [src/main.rs:19] Another warning
2023-11-12 20:48:30.249 ERROR [src/main.rs:20] Second error
2023-11-12 20:48:30.250 INFO [src/main.rs:21] Wrapping up
2023-11-12 20:48:30.251 DEBUG [src/lib.rs:12] Additional debug
2023-11-12 20:48:30.252 INFO [src/main.rs:22] All done
2023-11-12 20:48:30.253 TRACE [src/lib.rs:13] Something to trace
2023-11-12 20:48:30.254 INFO [src/main.rs:23] Initialization complete
2023-11-12 20:48:30.255 WARN [src/main.rs:24] Minor issue detected
2023-11-12 20:48:30.261 INFO [src/main.rs:28] Shutting down
2023-11-12 20:48:30.262 WARN [src/main.rs:29] Shutdown warning
2023-11-12 20:48:30.263 ERROR [src/main.rs:30] Shutdown error
2023-11-12 20:48:30.264 INFO [src/main.rs:31] Shutdown complete
2023-11-12 20:48:30.265 DEBUG [src/lib.rs:16] Final debug
2023-11-12 20:48:30.266 TRACE [src/lib.rs:17] Final trace
2023-11-12 20:48:30.267 INFO [src/main.rs:32] System halted
2023-11-12 20:48:30.268 WARN [src/main.rs:33] Post-shutdown warning
2023-11-12 20:48:30.269 ERROR [src/main.rs:34] Post-shutdown error
